<?xml version="1.0" encoding="UTF-8"?>
<testsuite xmlns:xsi="http://www.w3.org/2001/XMLSchema-instance" xsi:noNamespaceSchemaLocation="https://maven.apache.org/surefire/maven-surefire-plugin/xsd/surefire-test-report.xsd" name="com.nv.category.TraCuuChuyenDiTest" time="0.517" tests="28" errors="0" skipped="0" failures="1">
  <properties>
    <property name="java.specification.version" value="13"/>
    <property name="sun.jnu.encoding" value="UTF-8"/>
    <property name="java.class.path" value="/Users/inmac/Documents/26_04_22/KTPM/SaleTicketApp/target/test-classes:/Users/inmac/.m2/repository/org/openjfx/javafx-controls/13/javafx-controls-13.jar:/Users/inmac/.m2/repository/org/openjfx/javafx-graphics/13/javafx-graphics-13.jar:/Users/inmac/.m2/repository/org/openjfx/javafx-base/13/javafx-base-13.jar:/Users/inmac/.m2/repository/org/openjfx/javafx-fxml/13/javafx-fxml-13.jar:/Users/inmac/.m2/repository/mysql/mysql-connector-java/8.0.20/mysql-connector-java-8.0.20.jar:/Users/inmac/.m2/repository/com/google/protobuf/protobuf-java/3.6.1/protobuf-java-3.6.1.jar:/Users/inmac/.m2/repository/org/junit/jupiter/junit-jupiter-engine/5.8.2/junit-jupiter-engine-5.8.2.jar:/Users/inmac/.m2/repository/org/junit/platform/junit-platform-engine/1.8.2/junit-platform-engine-1.8.2.jar:/Users/inmac/.m2/repository/org/opentest4j/opentest4j/1.2.0/opentest4j-1.2.0.jar:/Users/inmac/.m2/repository/org/junit/platform/junit-platform-commons/1.8.2/junit-platform-commons-1.8.2.jar:/Users/inmac/.m2/repository/org/junit/jupiter/junit-jupiter-api/5.8.2/junit-jupiter-api-5.8.2.jar:/Users/inmac/.m2/repository/org/apiguardian/apiguardian-api/1.1.2/apiguardian-api-1.1.2.jar:/Users/inmac/.m2/repository/org/junit/jupiter/junit-jupiter-params/5.8.2/junit-jupiter-params-5.8.2.jar:"/>
    <property name="java.vm.vendor" value="Oracle Corporation"/>
    <property name="sun.arch.data.model" value="64"/>
    <property name="java.vendor.url" value="https://java.oracle.com/"/>
    <property name="os.name" value="Mac OS X"/>
    <property name="java.vm.specification.version" value="13"/>
    <property name="user.country" value="VN"/>
    <property name="sun.java.launcher" value="SUN_STANDARD"/>
    <property name="sun.boot.library.path" value="/Library/Java/JavaVirtualMachines/jdk-13.0.2.jdk/Contents/Home/lib"/>
    <property name="sun.java.command" value="org.apache.maven.surefire.booter.ForkedBooter /Users/inmac/Documents/26_04_22/KTPM/SaleTicketApp/target/surefire 2022-04-26T08-26-34_792-jvmRun1 surefire3828791723911083321tmp surefire_02328992512528754974tmp"/>
    <property name="http.nonProxyHosts" value="local|*.local|169.254/16|*.169.254/16"/>
    <property name="jdk.debug" value="release"/>
    <property name="surefire.test.class.path" value="/Users/inmac/Documents/26_04_22/KTPM/SaleTicketApp/target/test-classes:/Users/inmac/.m2/repository/org/openjfx/javafx-controls/13/javafx-controls-13.jar:/Users/inmac/.m2/repository/org/openjfx/javafx-graphics/13/javafx-graphics-13.jar:/Users/inmac/.m2/repository/org/openjfx/javafx-base/13/javafx-base-13.jar:/Users/inmac/.m2/repository/org/openjfx/javafx-fxml/13/javafx-fxml-13.jar:/Users/inmac/.m2/repository/mysql/mysql-connector-java/8.0.20/mysql-connector-java-8.0.20.jar:/Users/inmac/.m2/repository/com/google/protobuf/protobuf-java/3.6.1/protobuf-java-3.6.1.jar:/Users/inmac/.m2/repository/org/junit/jupiter/junit-jupiter-engine/5.8.2/junit-jupiter-engine-5.8.2.jar:/Users/inmac/.m2/repository/org/junit/platform/junit-platform-engine/1.8.2/junit-platform-engine-1.8.2.jar:/Users/inmac/.m2/repository/org/opentest4j/opentest4j/1.2.0/opentest4j-1.2.0.jar:/Users/inmac/.m2/repository/org/junit/platform/junit-platform-commons/1.8.2/junit-platform-commons-1.8.2.jar:/Users/inmac/.m2/repository/org/junit/jupiter/junit-jupiter-api/5.8.2/junit-jupiter-api-5.8.2.jar:/Users/inmac/.m2/repository/org/apiguardian/apiguardian-api/1.1.2/apiguardian-api-1.1.2.jar:/Users/inmac/.m2/repository/org/junit/jupiter/junit-jupiter-params/5.8.2/junit-jupiter-params-5.8.2.jar:"/>
    <property name="sun.cpu.endian" value="little"/>
    <property name="user.home" value="/Users/inmac"/>
    <property name="user.language" value="en"/>
    <property name="java.specification.vendor" value="Oracle Corporation"/>
    <property name="jdk.module.path" value="/Users/inmac/Documents/26_04_22/KTPM/SaleTicketApp/target/classes:/Users/inmac/.m2/repository/org/openjfx/javafx-controls/13/javafx-controls-13-mac.jar:/Users/inmac/.m2/repository/org/openjfx/javafx-graphics/13/javafx-graphics-13-mac.jar:/Users/inmac/.m2/repository/org/openjfx/javafx-base/13/javafx-base-13-mac.jar:/Users/inmac/.m2/repository/org/openjfx/javafx-fxml/13/javafx-fxml-13-mac.jar"/>
    <property name="java.version.date" value="2020-01-14"/>
    <property name="java.home" value="/Library/Java/JavaVirtualMachines/jdk-13.0.2.jdk/Contents/Home"/>
    <property name="file.separator" value="/"/>
    <property name="basedir" value="/Users/inmac/Documents/26_04_22/KTPM/SaleTicketApp"/>
    <property name="java.vm.compressedOopsMode" value="Zero based"/>
    <property name="line.separator" value="&#10;"/>
    <property name="java.specification.name" value="Java Platform API Specification"/>
    <property name="java.vm.specification.vendor" value="Oracle Corporation"/>
    <property name="surefire.real.class.path" value="/Users/inmac/.m2/repository/org/apache/maven/surefire/surefire-booter/2.22.2/surefire-booter-2.22.2.jar:/Users/inmac/.m2/repository/org/apache/maven/surefire/surefire-api/2.22.2/surefire-api-2.22.2.jar:/Users/inmac/.m2/repository/org/apache/maven/surefire/surefire-logger-api/2.22.2/surefire-logger-api-2.22.2.jar:/Users/inmac/Documents/26_04_22/KTPM/SaleTicketApp/target/test-classes:/Users/inmac/.m2/repository/org/openjfx/javafx-controls/13/javafx-controls-13.jar:/Users/inmac/.m2/repository/org/openjfx/javafx-graphics/13/javafx-graphics-13.jar:/Users/inmac/.m2/repository/org/openjfx/javafx-base/13/javafx-base-13.jar:/Users/inmac/.m2/repository/org/openjfx/javafx-fxml/13/javafx-fxml-13.jar:/Users/inmac/.m2/repository/mysql/mysql-connector-java/8.0.20/mysql-connector-java-8.0.20.jar:/Users/inmac/.m2/repository/com/google/protobuf/protobuf-java/3.6.1/protobuf-java-3.6.1.jar:/Users/inmac/.m2/repository/org/junit/jupiter/junit-jupiter-engine/5.8.2/junit-jupiter-engine-5.8.2.jar:/Users/inmac/.m2/repository/org/junit/platform/junit-platform-engine/1.8.2/junit-platform-engine-1.8.2.jar:/Users/inmac/.m2/repository/org/opentest4j/opentest4j/1.2.0/opentest4j-1.2.0.jar:/Users/inmac/.m2/repository/org/junit/platform/junit-platform-commons/1.8.2/junit-platform-commons-1.8.2.jar:/Users/inmac/.m2/repository/org/junit/jupiter/junit-jupiter-api/5.8.2/junit-jupiter-api-5.8.2.jar:/Users/inmac/.m2/repository/org/apiguardian/apiguardian-api/1.1.2/apiguardian-api-1.1.2.jar:/Users/inmac/.m2/repository/org/junit/jupiter/junit-jupiter-params/5.8.2/junit-jupiter-params-5.8.2.jar:/Users/inmac/.m2/repository/org/apache/maven/surefire/surefire-junit-platform/2.22.2/surefire-junit-platform-2.22.2.jar:/Users/inmac/.m2/repository/org/junit/platform/junit-platform-launcher/1.3.1/junit-platform-launcher-1.3.1.jar"/>
    <property name="sun.management.compiler" value="HotSpot 64-Bit Tiered Compilers"/>
    <property name="ftp.nonProxyHosts" value="local|*.local|169.254/16|*.169.254/16"/>
    <property name="java.runtime.version" value="13.0.2+8"/>
    <property name="user.name" value="inmac"/>
    <property name="path.separator" value=":"/>
    <property name="os.version" value="10.15.7"/>
    <property name="java.runtime.name" value="Java(TM) SE Runtime Environment"/>
    <property name="file.encoding" value="UTF-8"/>
    <property name="java.vm.name" value="Java HotSpot(TM) 64-Bit Server VM"/>
    <property name="maven.ext.class.path" value="/Applications/NetBeans/Apache NetBeans 12.6.app/Contents/Resources/NetBeans/netbeans/java/maven-nblib/netbeans-eventspy.jar"/>
    <property name="localRepository" value="/Users/inmac/.m2/repository"/>
    <property name="java.vendor.url.bug" value="https://bugreport.java.com/bugreport/"/>
    <property name="java.io.tmpdir" value="/var/folders/w5/s0nr443j1rlfbfbn3fdrm00h0000gn/T/"/>
    <property name="java.version" value="13.0.2"/>
    <property name="user.dir" value="/Users/inmac/Documents/26_04_22/KTPM/SaleTicketApp"/>
    <property name="os.arch" value="x86_64"/>
    <property name="java.vm.specification.name" value="Java Virtual Machine Specification"/>
    <property name="java.library.path" value="/Users/inmac/Library/Java/Extensions:/Library/Java/Extensions:/Network/Library/Java/Extensions:/System/Library/Java/Extensions:/usr/lib/java:."/>
    <property name="java.vm.info" value="mixed mode"/>
    <property name="java.vendor" value="Oracle Corporation"/>
    <property name="java.vm.version" value="13.0.2+8"/>
    <property name="sun.io.unicode.encoding" value="UnicodeBig"/>
    <property name="socksNonProxyHosts" value="local|*.local|169.254/16|*.169.254/16"/>
    <property name="java.class.version" value="57.0"/>
  </properties>
  <testcase name="getNoiDenByMaDung" classname="com.nv.category.TraCuuChuyenDiTest" time="0.022"/>
  <testcase name="getNoiDiByMaDung" classname="com.nv.category.TraCuuChuyenDiTest" time="0.023"/>
  <testcase name="getNoiDiByMaDung{int}[1]" classname="com.nv.category.TraCuuChuyenDiTest" time="0.032"/>
  <testcase name="getNoiDiByMaDung{int}[2]" classname="com.nv.category.TraCuuChuyenDiTest" time="0.029"/>
  <testcase name="getDanhSachByMaDung{int, String}[1]" classname="com.nv.category.TraCuuChuyenDiTest" time="0.016"/>
  <testcase name="getTenChuyenByMaDung{int, String}[1]" classname="com.nv.category.TraCuuChuyenDiTest" time="0.016"/>
  <testcase name="getTenChuyenByMaDung{int, String}[2]" classname="com.nv.category.TraCuuChuyenDiTest" time="0.021">
    <failure message="expected: &lt;SG_BD_PT&gt; but was: &lt;SG-BD_PT&gt;" type="org.opentest4j.AssertionFailedError"><![CDATA[org.opentest4j.AssertionFailedError: expected: <SG_BD_PT> but was: <SG-BD_PT>
	at com.nv.saleticketapp/com.nv.category.TraCuuChuyenDiTest.getTenChuyenByMaDung(TraCuuChuyenDiTest.java:48)
]]></failure>
  </testcase>
  <testcase name="getTenChuyenByMaDung{int, String}[3]" classname="com.nv.category.TraCuuChuyenDiTest" time="0.014"/>
  <testcase name="getSlGheByMa" classname="com.nv.category.TraCuuChuyenDiTest" time="0.014"/>
  <testcase name="getMaXeByMaDung{int, int}[1]" classname="com.nv.category.TraCuuChuyenDiTest" time="0.014"/>
  <testcase name="getMaXeByMaDung{int, int}[2]" classname="com.nv.category.TraCuuChuyenDiTest" time="0.015"/>
  <testcase name="getMaXeByMaDung{int, int}[3]" classname="com.nv.category.TraCuuChuyenDiTest" time="0.015"/>
  <testcase name="getNoiDiByMaSai" classname="com.nv.category.TraCuuChuyenDiTest" time="0.016"/>
  <testcase name="getNgayKhoiHanhByMaDung{int, Timestamp}[1]" classname="com.nv.category.TraCuuChuyenDiTest" time="0.017"/>
  <testcase name="getNgayKhoiHanhByMaDung{int, Timestamp}[2]" classname="com.nv.category.TraCuuChuyenDiTest" time="0.013"/>
  <testcase name="getDanhSachByMaSai" classname="com.nv.category.TraCuuChuyenDiTest" time="0.014"/>
  <testcase name="getTenChuyenByMaSai" classname="com.nv.category.TraCuuChuyenDiTest" time="0.013"/>
  <testcase name="getSlGheByMaSai" classname="com.nv.category.TraCuuChuyenDiTest" time="0.012"/>
  <testcase name="getMaTuyenByMaSai" classname="com.nv.category.TraCuuChuyenDiTest" time="0.018"/>
  <testcase name="getNoiDenByMaSai" classname="com.nv.category.TraCuuChuyenDiTest" time="0.012"/>
  <testcase name="getMaXeByMaSai" classname="com.nv.category.TraCuuChuyenDiTest" time="0.014"/>
  <testcase name="getMaTuyenByMaDung{int, int}[1]" classname="com.nv.category.TraCuuChuyenDiTest" time="0.014"/>
  <testcase name="getMaTuyenByMaDung{int, int}[2]" classname="com.nv.category.TraCuuChuyenDiTest" time="0.015"/>
  <testcase name="getMaTuyenByMaDung{int, int}[3]" classname="com.nv.category.TraCuuChuyenDiTest" time="0.014"/>
  <testcase name="getMaTuyenByNoiSai" classname="com.nv.category.TraCuuChuyenDiTest" time="0.016"/>
  <testcase name="getMaTuyenByTenSai" classname="com.nv.category.TraCuuChuyenDiTest" time="0.015"/>
  <testcase name="getMaTuyenByNoiDung" classname="com.nv.category.TraCuuChuyenDiTest" time="0.013"/>
  <testcase name="getNgayKhoiHanhByMaSai" classname="com.nv.category.TraCuuChuyenDiTest" time="0.011"/>
</testsuite>